-------------------------------------------------------------------------------
Test set: hu.bme.mit.spaceship.GT4500Test
-------------------------------------------------------------------------------
Tests run: 7, Failures: 2, Errors: 0, Skipped: 0, Time elapsed: 0.629 s <<< FAILURE! - in hu.bme.mit.spaceship.GT4500Test
fireTorpedo_All_Success  Time elapsed: 0.016 s  <<< FAILURE!
org.mockito.exceptions.verification.WantedButNotInvoked: 

Wanted but not invoked:
torpedoStore.fire(1);
-> at hu.bme.mit.spaceship.GT4500Test.fireTorpedo_All_Success(GT4500Test.java:48)
Actually, there were zero interactions with this mock.

	at hu.bme.mit.spaceship.GT4500Test.fireTorpedo_All_Success(GT4500Test.java:48)

fireTorpedo_Single_and_All_Success  Time elapsed: 0.002 s  <<< FAILURE!
org.opentest4j.AssertionFailedError: expected: <true> but was: <false>
	at hu.bme.mit.spaceship.GT4500Test.fireTorpedo_Single_and_All_Success(GT4500Test.java:124)

